<?xml version="1.0" encoding="UTF-8"?>
<testsuite xmlns:xsi="http://www.w3.org/2001/XMLSchema-instance" xsi:noNamespaceSchemaLocation="https://maven.apache.org/surefire/maven-surefire-plugin/xsd/surefire-test-report-3.0.xsd" version="3.0" name="com.programming.techie.loans.LoanServiceApplicationTests" time="5.624" tests="1" errors="0" skipped="0" failures="0">
  <properties>
[...]
</properties>
  <testcase name="contextLoads" classname="com.programming.techie.loans.LoanServiceApplicationTests" time="0.648">
    <system-out><![CDATA[01:04:02.411 [main] INFO org.springframework.test.context.support.AnnotationConfigContextLoaderUtils -- Could not detect default configuration classes for test class [com.programming.techie.loans.LoanServiceApplicationTests]: LoanServiceApplicationTests does not declare any static, non-private, non-final, nested classes annotated with @Configuration.
01:04:02.478 [main] INFO org.springframework.boot.test.context.SpringBootTestContextBootstrapper -- Found @SpringBootConfiguration com.programming.techie.loans.LoanServiceApplication for test class com.programming.techie.loans.LoanServiceApplicationTests

  .   ____          _            __ _ _
 /\\ / ___'_ __ _ _(_)_ __  __ _ \ \ \ \
( ( )\___ | '_ | '_| | '_ \/ _` | \ \ \ \
 \\/  ___)| |_)| | | | | || (_| |  ) ) ) )
  '  |____| .__|_| |_|_| |_\__, | / / / /
 =========|_|==============|___/=/_/_/_/
 :: Spring Boot ::       (v3.2.0-SNAPSHOT)

2023-09-13T01:04:03.068-03:00  INFO 33976 --- [loan-service] [           main] [                                                 ] c.p.t.loans.LoanServiceApplicationTests  : Starting LoanServiceApplicationTests using Java 17.0.2 with PID 33976 (started by pblgl in E:\Spring\observability\sb3-grafana-stack\loan-service)
2023-09-13T01:04:03.071-03:00  INFO 33976 --- [loan-service] [           main] [                                                 ] c.p.t.loans.LoanServiceApplicationTests  : No active profile set, falling back to 1 default profile: "default"
2023-09-13T01:04:03.828-03:00  INFO 33976 --- [loan-service] [           main] [                                                 ] .s.d.r.c.RepositoryConfigurationDelegate : Bootstrapping Spring Data JDBC repositories in DEFAULT mode.
2023-09-13T01:04:03.842-03:00  INFO 33976 --- [loan-service] [           main] [                                                 ] .s.d.r.c.RepositoryConfigurationDelegate : Finished Spring Data repository scanning in 11 ms. Found 0 JDBC repository interfaces.
2023-09-13T01:04:04.583-03:00  INFO 33976 --- [loan-service] [           main] [                                                 ] com.zaxxer.hikari.HikariDataSource       : HikariPool-1 - Starting...
2023-09-13T01:04:04.898-03:00  INFO 33976 --- [loan-service] [           main] [                                                 ] com.zaxxer.hikari.pool.HikariPool        : HikariPool-1 - Added connection com.mysql.cj.jdbc.ConnectionImpl@213012a0
2023-09-13T01:04:04.900-03:00  INFO 33976 --- [loan-service] [           main] [                                                 ] com.zaxxer.hikari.HikariDataSource       : HikariPool-1 - Start completed.
2023-09-13T01:04:05.504-03:00  INFO 33976 --- [loan-service] [           main] [650134b5862a70d163890677ed89bd95-47d500592851768c] o.f.c.internal.license.VersionPrinter    : Flyway Community Edition 9.22.0 by Redgate
2023-09-13T01:04:05.504-03:00  INFO 33976 --- [loan-service] [           main] [650134b5862a70d163890677ed89bd95-47d500592851768c] o.f.c.internal.license.VersionPrinter    : See release notes here: https://rd.gt/416ObMi
2023-09-13T01:04:05.504-03:00  INFO 33976 --- [loan-service] [           main] [650134b5862a70d163890677ed89bd95-47d500592851768c] o.f.c.internal.license.VersionPrinter    : 
2023-09-13T01:04:05.539-03:00  INFO 33976 --- [loan-service] [           main] [650134b5862a70d163890677ed89bd95-c4463d49a00b4937] org.flywaydb.core.FlywayExecutor         : Database: jdbc:mysql://localhost:3306/loan_service (MySQL 8.0)
2023-09-13T01:04:05.607-03:00  INFO 33976 --- [loan-service] [           main] [650134b5862a70d163890677ed89bd95-2d193577b2792ecb] o.f.core.internal.command.DbValidate     : Successfully validated 1 migration (execution time 00:00.028s)
2023-09-13T01:04:05.641-03:00  INFO 33976 --- [loan-service] [           main] [650134b5862a70d163890677ed89bd95-96756c6a10ac0c86] o.f.core.internal.command.DbMigrate      : Current version of schema `loan_service`: 1
2023-09-13T01:04:05.646-03:00  INFO 33976 --- [loan-service] [           main] [650134b5862a70d163890677ed89bd95-99dac5a32a47906a] o.f.core.internal.command.DbMigrate      : Schema `loan_service` is up to date. No migration necessary.
2023-09-13T01:04:07.094-03:00  INFO 33976 --- [loan-service] [           main] [650134b5862a70d163890677ed89bd95-d7fbe188e65b984f] o.s.b.a.e.web.EndpointLinksResolver      : Exposing 3 endpoint(s) beneath base path '/actuator'
2023-09-13T01:04:07.190-03:00  INFO 33976 --- [loan-service] [           main] [650134b5862a70d163890677ed89bd95-d7fbe188e65b984f] c.p.t.loans.LoanServiceApplicationTests  : Started LoanServiceApplicationTests in 4.603 seconds (process running for 5.404)
]]></system-out>
  </testcase>
</testsuite>